<?xml version="1.0" encoding="UTF-8"?>
<coverage generated="1675623324934" clover="3.2.0">
  <project timestamp="1675623324935" name="All files">
    <metrics statements="20" coveredstatements="20" conditionals="7" coveredconditionals="6" methods="4" coveredmethods="4" elements="31" coveredelements="30" complexity="0" loc="20" ncloc="20" packages="2" files="3" classes="3"/>
    <package name="lesson_1">
      <metrics statements="19" coveredstatements="19" conditionals="7" coveredconditionals="6" methods="4" coveredmethods="4"/>
      <file name="createObjTree.js" path="/Users/gaisdav/Documents/otus/otus_test/lesson_1/createObjTree.js">
        <metrics statements="10" coveredstatements="10" conditionals="2" coveredconditionals="1" methods="2" coveredmethods="2"/>
        <line num="9" count="1" type="stmt"/>
        <line num="23" count="1" type="stmt"/>
        <line num="24" count="4" type="stmt"/>
        <line num="25" count="4" type="stmt"/>
        <line num="31" count="1" type="cond" truecount="1" falsecount="1"/>
        <line num="32" count="1" type="stmt"/>
        <line num="39" count="4" type="stmt"/>
        <line num="44" count="4" type="stmt"/>
        <line num="49" count="4" type="stmt"/>
        <line num="52" count="1" type="stmt"/>
      </file>
      <file name="objTree.js" path="/Users/gaisdav/Documents/otus/otus_test/lesson_1/objTree.js">
        <metrics statements="9" coveredstatements="9" conditionals="5" coveredconditionals="5" methods="2" coveredmethods="2"/>
        <line num="4" count="2" type="cond" truecount="1" falsecount="0"/>
        <line num="5" count="24" type="stmt"/>
        <line num="6" count="24" type="stmt"/>
        <line num="7" count="24" type="cond" truecount="2" falsecount="0"/>
        <line num="8" count="24" type="stmt"/>
        <line num="10" count="24" type="cond" truecount="2" falsecount="0"/>
        <line num="11" count="10" type="stmt"/>
        <line num="12" count="17" type="stmt"/>
        <line num="16" count="24" type="stmt"/>
      </file>
    </package>
    <package name="lesson_1.__fixtures__">
      <metrics statements="1" coveredstatements="1" conditionals="0" coveredconditionals="0" methods="0" coveredmethods="0"/>
      <file name="objTreeFixtures.js" path="/Users/gaisdav/Documents/otus/otus_test/lesson_1/__fixtures__/objTreeFixtures.js">
        <metrics statements="1" coveredstatements="1" conditionals="0" coveredconditionals="0" methods="0" coveredmethods="0"/>
        <line num="1" count="1" type="stmt"/>
      </file>
    </package>
  </project>
</coverage>
