{"/Users/gaisdav/Documents/otus/otus_test/lesson_1/createObjTree.js": {"path":"/Users/gaisdav/Documents/otus/otus_test/lesson_1/createObjTree.js","statementMap":{"0":{"start":{"line":9,"column":12},"end":{"line":21,"column":1}},"1":{"start":{"line":23,"column":33},"end":{"line":50,"column":1}},"2":{"start":{"line":24,"column":21},"end":{"line":24,"column":51}},"3":{"start":{"line":25,"column":20},"end":{"line":25,"column":44}},"4":{"start":{"line":31,"column":4},"end":{"line":33,"column":5}},"5":{"start":{"line":32,"column":6},"end":{"line":32,"column":25}},"6":{"start":{"line":39,"column":19},"end":{"line":39,"column":43}},"7":{"start":{"line":44,"column":2},"end":{"line":44,"column":24}},"8":{"start":{"line":49,"column":2},"end":{"line":49,"column":74}},"9":{"start":{"line":52,"column":0},"end":{"line":52,"column":23}}},"fnMap":{"0":{"name":"(anonymous_0)","decl":{"start":{"line":23,"column":33},"end":{"line":23,"column":34}},"loc":{"start":{"line":23,"column":48},"end":{"line":50,"column":1}},"line":23},"1":{"name":"errorCallback","decl":{"start":{"line":30,"column":11},"end":{"line":30,"column":24}},"loc":{"start":{"line":30,"column":30},"end":{"line":34,"column":3}},"line":30}},"branchMap":{"0":{"loc":{"start":{"line":31,"column":4},"end":{"line":33,"column":5}},"type":"if","locations":[{"start":{"line":31,"column":4},"end":{"line":33,"column":5}},{"start":{},"end":{}}],"line":31}},"s":{"0":1,"1":1,"2":4,"3":4,"4":1,"5":1,"6":4,"7":4,"8":4,"9":1},"f":{"0":4,"1":1},"b":{"0":[1,0]},"inputSourceMap":null,"_coverageSchema":"1a1c01bbd47fc00a2c39e90264f33305004495a9","hash":"a2bf013dcf9b0b33d1bc1a54d985c205d3bbb361"}
,"/Users/gaisdav/Documents/otus/otus_test/lesson_1/objTree.js": {"path":"/Users/gaisdav/Documents/otus/otus_test/lesson_1/objTree.js","statementMap":{"0":{"start":{"line":4,"column":22},"end":{"line":17,"column":1}},"1":{"start":{"line":5,"column":16},"end":{"line":5,"column":52}},"2":{"start":{"line":6,"column":17},"end":{"line":6,"column":53}},"3":{"start":{"line":7,"column":20},"end":{"line":7,"column":43}},"4":{"start":{"line":8,"column":17},"end":{"line":8,"column":60}},"5":{"start":{"line":10,"column":2},"end":{"line":14,"column":3}},"6":{"start":{"line":11,"column":4},"end":{"line":13,"column":7}},"7":{"start":{"line":12,"column":6},"end":{"line":12,"column":53}},"8":{"start":{"line":16,"column":2},"end":{"line":16,"column":18}}},"fnMap":{"0":{"name":"(anonymous_0)","decl":{"start":{"line":4,"column":22},"end":{"line":4,"column":23}},"loc":{"start":{"line":4,"column":46},"end":{"line":17,"column":1}},"line":4},"1":{"name":"(anonymous_1)","decl":{"start":{"line":11,"column":22},"end":{"line":11,"column":23}},"loc":{"start":{"line":11,"column":32},"end":{"line":13,"column":5}},"line":11}},"branchMap":{"0":{"loc":{"start":{"line":4,"column":28},"end":{"line":4,"column":41}},"type":"default-arg","locations":[{"start":{"line":4,"column":40},"end":{"line":4,"column":41}}],"line":4},"1":{"loc":{"start":{"line":7,"column":20},"end":{"line":7,"column":43}},"type":"cond-expr","locations":[{"start":{"line":7,"column":33},"end":{"line":7,"column":35}},{"start":{"line":7,"column":38},"end":{"line":7,"column":43}}],"line":7},"2":{"loc":{"start":{"line":10,"column":2},"end":{"line":14,"column":3}},"type":"if","locations":[{"start":{"line":10,"column":2},"end":{"line":14,"column":3}},{"start":{},"end":{}}],"line":10}},"s":{"0":2,"1":24,"2":24,"3":24,"4":24,"5":24,"6":10,"7":17,"8":24},"f":{"0":24,"1":17},"b":{"0":[7],"1":[7,17],"2":[10,14]},"inputSourceMap":null,"_coverageSchema":"1a1c01bbd47fc00a2c39e90264f33305004495a9","hash":"5d7659cdbdf7cb43c7dd1fee541d3de21cf12dde"}
,"/Users/gaisdav/Documents/otus/otus_test/lesson_1/__fixtures__/objTreeFixtures.js": {"path":"/Users/gaisdav/Documents/otus/otus_test/lesson_1/__fixtures__/objTreeFixtures.js","statementMap":{"0":{"start":{"line":1,"column":31},"end":{"line":52,"column":1}}},"fnMap":{},"branchMap":{},"s":{"0":1},"f":{},"b":{},"inputSourceMap":null,"_coverageSchema":"1a1c01bbd47fc00a2c39e90264f33305004495a9","hash":"b6244f5f913afec6ad6b0ab431c170c9c2c5dde9"}
}
