TN:
SF:lesson_1/createObjTree.js
FN:23,(anonymous_0)
FN:30,errorCallback
FNF:2
FNH:2
FNDA:3,(anonymous_0)
FNDA:1,errorCallback
DA:9,1
DA:23,1
DA:24,3
DA:25,3
DA:31,1
DA:32,1
DA:39,3
DA:44,3
DA:49,3
DA:52,1
LF:10
LH:10
BRDA:31,0,0,1
BRDA:31,0,1,0
BRF:2
BRH:1
end_of_record
TN:
SF:lesson_1/objTree.js
FN:4,(anonymous_0)
FN:11,(anonymous_1)
FNF:2
FNH:2
FNDA:23,(anonymous_0)
FNDA:17,(anonymous_1)
DA:4,2
DA:5,23
DA:6,23
DA:7,23
DA:8,23
DA:10,23
DA:11,10
DA:12,17
DA:16,23
LF:9
LH:9
BRDA:4,0,0,6
BRDA:7,1,0,6
BRDA:7,1,1,17
BRDA:10,2,0,10
BRDA:10,2,1,13
BRF:5
BRH:5
end_of_record
TN:
SF:lesson_1/__fixtures__/objTreeFixtures.js
FNF:0
FNH:0
DA:1,1
LF:1
LH:1
BRF:0
BRH:0
end_of_record
