TN:
SF:lesson_1/createObjTree.js
FN:23,(anonymous_0)
FN:30,errorCallback
FNF:2
FNH:2
FNDA:4,(anonymous_0)
FNDA:1,errorCallback
DA:9,1
DA:23,1
DA:24,4
DA:25,4
DA:31,1
DA:32,1
DA:39,4
DA:44,4
DA:49,4
DA:52,1
LF:10
LH:10
BRDA:31,0,0,1
BRDA:31,0,1,0
BRF:2
BRH:1
end_of_record
TN:
SF:lesson_1/objTree.js
FN:4,(anonymous_0)
FN:11,(anonymous_1)
FNF:2
FNH:2
FNDA:24,(anonymous_0)
FNDA:17,(anonymous_1)
DA:4,2
DA:5,24
DA:6,24
DA:7,24
DA:8,24
DA:10,24
DA:11,10
DA:12,17
DA:16,24
LF:9
LH:9
BRDA:4,0,0,7
BRDA:7,1,0,7
BRDA:7,1,1,17
BRDA:10,2,0,10
BRDA:10,2,1,14
BRF:5
BRH:5
end_of_record
TN:
SF:lesson_1/__fixtures__/objTreeFixtures.js
FNF:0
FNH:0
DA:1,1
LF:1
LH:1
BRF:0
BRH:0
end_of_record
